{"numFailedTestSuites":0,"numFailedTests":0,"numPassedTestSuites":4,"numPassedTests":24,"numPendingTestSuites":0,"numPendingTests":0,"numRuntimeErrorTestSuites":0,"numTodoTests":0,"numTotalTestSuites":4,"numTotalTests":24,"openHandles":[],"snapshot":{"added":0,"didUpdate":false,"failure":false,"filesAdded":0,"filesRemoved":0,"filesRemovedList":[],"filesUnmatched":0,"filesUpdated":0,"matched":0,"total":0,"unchecked":0,"uncheckedKeysByFile":[],"unmatched":0,"updated":0},"startTime":1765299609675,"success":true,"testResults":[{"assertionResults":[{"ancestorTitles":["HeroCarousel"],"duration":60,"failing":false,"failureDetails":[],"failureMessages":[],"fullName":"HeroCarousel renders current character & thumbnails","invocations":1,"location":null,"numPassingAsserts":2,"retryReasons":[],"startAt":1765299610383,"status":"passed","title":"renders current character & thumbnails"},{"ancestorTitles":["HeroCarousel"],"duration":15,"failing":false,"failureDetails":[],"failureMessages":[],"fullName":"HeroCarousel changes slide when thumbnail clicked","invocations":1,"location":null,"numPassingAsserts":2,"retryReasons":[],"startAt":1765299610444,"status":"passed","title":"changes slide when thumbnail clicked"},{"ancestorTitles":["HeroCarousel"],"duration":9,"failing":false,"failureDetails":[],"failureMessages":[],"fullName":"HeroCarousel auto-advances after 5s","invocations":1,"location":null,"numPassingAsserts":2,"retryReasons":[],"startAt":1765299610459,"status":"passed","title":"auto-advances after 5s"},{"ancestorTitles":["HeroCarousel"],"duration":7,"failing":false,"failureDetails":[],"failureMessages":[],"fullName":"HeroCarousel favorite button toggles","invocations":1,"location":null,"numPassingAsserts":2,"retryReasons":[],"startAt":1765299610468,"status":"passed","title":"favorite button toggles"}],"endTime":1765299610476,"message":"","name":"/Users/bimakrishna/Documents/M3/Others/transportech/src/__tests__/HeroCarousel.test.tsx","startTime":1765299610030,"status":"passed","summary":""},{"assertionResults":[{"ancestorTitles":["CharacterCard"],"duration":26,"failing":false,"failureDetails":[],"failureMessages":[],"fullName":"CharacterCard renders character name","invocations":1,"location":null,"numPassingAsserts":1,"retryReasons":[],"startAt":1765299610612,"status":"passed","title":"renders character name"},{"ancestorTitles":["CharacterCard"],"duration":3,"failing":false,"failureDetails":[],"failureMessages":[],"fullName":"CharacterCard renders character image with correct alt text","invocations":1,"location":null,"numPassingAsserts":2,"retryReasons":[],"startAt":1765299610639,"status":"passed","title":"renders character image with correct alt text"},{"ancestorTitles":["CharacterCard"],"duration":3,"failing":false,"failureDetails":[],"failureMessages":[],"fullName":"CharacterCard displays correct status badge","invocations":1,"location":null,"numPassingAsserts":1,"retryReasons":[],"startAt":1765299610642,"status":"passed","title":"displays correct status badge"},{"ancestorTitles":["CharacterCard"],"duration":2,"failing":false,"failureDetails":[],"failureMessages":[],"fullName":"CharacterCard displays species and gender","invocations":1,"location":null,"numPassingAsserts":1,"retryReasons":[],"startAt":1765299610645,"status":"passed","title":"displays species and gender"},{"ancestorTitles":["CharacterCard"],"duration":3,"failing":false,"failureDetails":[],"failureMessages":[],"fullName":"CharacterCard displays location","invocations":1,"location":null,"numPassingAsserts":1,"retryReasons":[],"startAt":1765299610647,"status":"passed","title":"displays location"},{"ancestorTitles":["CharacterCard"],"duration":22,"failing":false,"failureDetails":[],"failureMessages":[],"fullName":"CharacterCard toggles favorite when heart button is clicked","invocations":1,"location":null,"numPassingAsserts":1,"retryReasons":[],"startAt":1765299610651,"status":"passed","title":"toggles favorite when heart button is clicked"},{"ancestorTitles":["CharacterCard"],"duration":5,"failing":false,"failureDetails":[],"failureMessages":[],"fullName":"CharacterCard shows filled heart when character is favorite","invocations":1,"location":null,"numPassingAsserts":1,"retryReasons":[],"startAt":1765299610674,"status":"passed","title":"shows filled heart when character is favorite"},{"ancestorTitles":["CharacterCard"],"duration":7,"failing":false,"failureDetails":[],"failureMessages":[],"fullName":"CharacterCard links to character detail page","invocations":1,"location":null,"numPassingAsserts":1,"retryReasons":[],"startAt":1765299610679,"status":"passed","title":"links to character detail page"},{"ancestorTitles":["CharacterCard"],"duration":3,"failing":false,"failureDetails":[],"failureMessages":[],"fullName":"CharacterCard displays Dead status with correct color","invocations":1,"location":null,"numPassingAsserts":1,"retryReasons":[],"startAt":1765299610686,"status":"passed","title":"displays Dead status with correct color"},{"ancestorTitles":["CharacterCard"],"duration":5,"failing":false,"failureDetails":[],"failureMessages":[],"fullName":"CharacterCard displays unknown status correctly","invocations":1,"location":null,"numPassingAsserts":1,"retryReasons":[],"startAt":1765299610689,"status":"passed","title":"displays unknown status correctly"}],"endTime":1765299610698,"message":"","name":"/Users/bimakrishna/Documents/M3/Others/transportech/src/__tests__/CharacterCard.test.tsx","startTime":1765299610488,"status":"passed","summary":""},{"assertionResults":[{"ancestorTitles":["SearchBar"],"duration":10,"failing":false,"failureDetails":[],"failureMessages":[],"fullName":"SearchBar renders search input","invocations":1,"location":null,"numPassingAsserts":1,"retryReasons":[],"startAt":1765299610842,"status":"passed","title":"renders search input"},{"ancestorTitles":["SearchBar"],"duration":9,"failing":false,"failureDetails":[],"failureMessages":[],"fullName":"SearchBar updates input value on change","invocations":1,"location":null,"numPassingAsserts":1,"retryReasons":[],"startAt":1765299610853,"status":"passed","title":"updates input value on change"},{"ancestorTitles":["SearchBar"],"duration":5,"failing":false,"failureDetails":[],"failureMessages":[],"fullName":"SearchBar debounces search for 300ms","invocations":1,"location":null,"numPassingAsserts":2,"retryReasons":[],"startAt":1765299610862,"status":"passed","title":"debounces search for 300ms"},{"ancestorTitles":["SearchBar"],"duration":12,"failing":false,"failureDetails":[],"failureMessages":[],"fullName":"SearchBar shows clear button when input has value","invocations":1,"location":null,"numPassingAsserts":2,"retryReasons":[],"startAt":1765299610867,"status":"passed","title":"shows clear button when input has value"},{"ancestorTitles":["SearchBar"],"duration":9,"failing":false,"failureDetails":[],"failureMessages":[],"fullName":"SearchBar clears input when clear button is clicked","invocations":1,"location":null,"numPassingAsserts":3,"retryReasons":[],"startAt":1765299610879,"status":"passed","title":"clears input when clear button is clicked"},{"ancestorTitles":["SearchBar"],"duration":1,"failing":false,"failureDetails":[],"failureMessages":[],"fullName":"SearchBar has correct input styling","invocations":1,"location":null,"numPassingAsserts":2,"retryReasons":[],"startAt":1765299610889,"status":"passed","title":"has correct input styling"},{"ancestorTitles":["SearchBar"],"duration":3,"failing":false,"failureDetails":[],"failureMessages":[],"fullName":"SearchBar calls fetchCharacters when search changes","invocations":1,"location":null,"numPassingAsserts":1,"retryReasons":[],"startAt":1765299610891,"status":"passed","title":"calls fetchCharacters when search changes"}],"endTime":1765299610895,"message":"","name":"/Users/bimakrishna/Documents/M3/Others/transportech/src/__tests__/SearchBar.test.tsx","startTime":1765299610715,"status":"passed","summary":""},{"assertionResults":[{"ancestorTitles":["Pagination"],"duration":11,"failing":false,"failureDetails":[],"failureMessages":[],"fullName":"Pagination renders page info and buttons","invocations":1,"location":null,"numPassingAsserts":3,"retryReasons":[],"startAt":1765299611029,"status":"passed","title":"renders page info and buttons"},{"ancestorTitles":["Pagination"],"duration":4,"failing":false,"failureDetails":[],"failureMessages":[],"fullName":"Pagination previous button triggers setPage","invocations":1,"location":null,"numPassingAsserts":1,"retryReasons":[],"startAt":1765299611040,"status":"passed","title":"previous button triggers setPage"},{"ancestorTitles":["Pagination"],"duration":2,"failing":false,"failureDetails":[],"failureMessages":[],"fullName":"Pagination next button triggers setPage","invocations":1,"location":null,"numPassingAsserts":1,"retryReasons":[],"startAt":1765299611044,"status":"passed","title":"next button triggers setPage"}],"endTime":1765299611047,"message":"","name":"/Users/bimakrishna/Documents/M3/Others/transportech/src/__tests__/Pagination.test.tsx","startTime":1765299610907,"status":"passed","summary":""}],"wasInterrupted":false}
